1585420314647:ab test test test
1585420365593:ab t t t
1585420420739:ab t t t2
1585420529402:ab w w w
1585420564452:ab d d d
1585420676218:ab g g g
1585420717738:ab dd d d
1585423570636:bgb 1
1585423576232:bg 1
1585423666910:bgb 1
1585423672842:bg 1
1585423846237:ba test tset sety
1585423852023:bg 2
1585423866876:bu 2 book2
1585423895573:bd 2
1585423921038:ba test test tets
1585423927269:bg 2
1585423933861:bu 2 book2
1585423938315:bg 2
1585423944678:bd 2
1585423947517:bg 2
1585423968148:stactrace
1585423976111:stacktrace
1585423990861:bg 2
1585423992806:stacktrace
1585424682362:bg 3
1585586385553:pg 1
1585586389903:bg 1
1585633807981:bd 5
1585635655765:bg 1
1585635664903:ba Test test tets
1585635670480:bg 1
1585635681504:bu 2 gggg
1585635685798:bg 1
1585635698117:bu 1 dfsdf
1585635701070:bg 1
1585635704482:bd 1
1585635708336:bd 3
1585635712941:bg 1
1586002657649:ba test test test
1586003530423:ba
1586003537206:ba test test test
1586003573267:bg 1
1586003590555:bg 0
1586003630250:bu 1 tettt
1586003693487:ba test test test
1586003813535:bd 1
1586003876603:ba t t t
1586003923536:bg 2
1586003925850:bg 1
1586003931441:bu 1 r
1586003935177:bg 1
1586003943994:bd
1586003949977:bd 1
1586003952241:bg 1
1586003966779:ba t t t
1586006994904:aa tetsa
1586007025411:ga e
1586007029435:aa t
1586007038003:ba tetst 1 1
1586007044756:bg 1
1586007055906:bu 1 yyy
1586007058356:bg 1
1586007066680:aa t
1586007098808:stacktrace
1586007137954:aa r
1586014344018:aa eee
1586014412506:aa r
1586014652694:aa e
1586014818607:stacktrace
1586015870813:aa r
1586017058082:aa e
1586017068610:stacktrace
1586017743860:aa e
1586017945485:aa a
1586017961562:ag g
1586017970812:ga g
1586018034425:ba b 1 1
1586018039435:bg 1
1586018050385:ba b 1 1
1586185205968:aa w
1586185207394:aa
1586185209713:aa w
1586185235960:stacktrace
1586185563967:aa a
1586190652350:ga g
1586190675902:ba b 1 1
1586190680244:bg 1
1586190764582:aa a
1586190767395:ga g
1586190773498:ba b 1 1
1586190777166:bg 1
1586190784661:stacktrace
1586190917398:bg 1
1586190921067:bg 0
1586190927527:aa a
1586190930221:ga g
1586190934156:ba b 1 1
1586190937204:bg 1
1586191120442:bg 0
1586191138966:aa a
1586191146199:ga g
1586191150334:ba b 1 1
1586191152508:bg 1
1586191161795:bu 1 ttt
1586191164715:bg 1
1586191174765:ca 1 tytyt
1586191216734:bd 1
1586191220657:bg 1
1586191230200:ba test 0 1
1586191240411:ba test 1 0
1586191251351:ba test 1 1
1586191281562:ba test2 1 1
1586191285251:bg 2
1586191291928:bg 3
1586191301178:bg 4
1586191359550:bg 1
1586191362502:aa a
1586191364978:ga g
1586191368596:ba b 1 1
1586191371098:bg 1
1586191377552:ca 1 fff
1586191382848:ca 1 wtytyu
1586191389945:cg 1
1586191479746:stacktrace
1586191575353:aa a
1586191578683:ga g
1586191584075:ba b 1 1
1586191586778:bg 1
1586191591613:ca 1 hjhjhj
1586191595930:ca 2 hjhkjh
1586191668189:ca 1 hjhjhksss
1586191671588:cg 1
1586191678379:ca 1 tets
1586191682674:cg 1
1586191691768:bu 1 ty
1586191694898:bg 1
1586442807683:aa a
1586615565502:ag g
1586615569383:ga g
1586615580519:ba b 1 1
1586615628334:stacktrace
1586615673380:bg 1
1586615676307:bg 2
1586615691305:bu 1 t
1586615695233:bg 1
1586615705373:ca 1 jjkjj
1586615709738:ca 1 ghghg
1586615713056:ca 1 g
1586615720446:ca 2 g
1586615724831:cg 1
1586615779941:ba b 1 1
1586615829570:stacktrace
1586616012600:aa a
1586616016116:ga g
1586616022507:ba b 1 1
1586616056764:aa a
1586616058602:ga g
1586616061890:ba b 1 1
1586616125275:aa a
1586616128026:ga g
1586616131867:ba b 1 1
1586616228454:aa a
1586616231012:ga g
1586616234651:ba b 1 1
1586616243130:aa a
1586616252885:ga g
1586616261562:bu 1 hj
1586616269707:ba b 1 1
1586616275266:ba 2 b
1586616289540:bu 2 b
1586616305894:bg 3
1586616311954:bg 1
1586616317398:bu 1 b
